::1 - - [24/Nov/2021:10:31:04 +0000] "GET /api/book HTTP/1.1" 304 - "-" "Mozilla/5.0 (Windows NT 10.0; Win64; x64) AppleWebKit/537.36 (KHTML, like Gecko) Chrome/96.0.4664.45 Safari/537.36"
::1 - - [24/Nov/2021:10:41:20 +0000] "GET /api/book HTTP/1.1" 304 - "-" "Mozilla/5.0 (Windows NT 10.0; Win64; x64) AppleWebKit/537.36 (KHTML, like Gecko) Chrome/96.0.4664.45 Safari/537.36"
::1 - - [24/Nov/2021:10:45:49 +0000] "GET /api/book/5 HTTP/1.1" - - "-" "Mozilla/5.0 (Windows NT 10.0; Win64; x64) AppleWebKit/537.36 (KHTML, like Gecko) Chrome/96.0.4664.45 Safari/537.36"
::1 - - [24/Nov/2021:10:45:52 +0000] "GET /api/book/5 HTTP/1.1" 500 45 "-" "Mozilla/5.0 (Windows NT 10.0; Win64; x64) AppleWebKit/537.36 (KHTML, like Gecko) Chrome/96.0.4664.45 Safari/537.36"
::1 - - [24/Nov/2021:10:46:31 +0000] "GET /api/book/5 HTTP/1.1" 500 45 "-" "Mozilla/5.0 (Windows NT 10.0; Win64; x64) AppleWebKit/537.36 (KHTML, like Gecko) Chrome/96.0.4664.45 Safari/537.36"
::1 - - [24/Nov/2021:10:46:36 +0000] "GET /api/book HTTP/1.1" 500 45 "-" "Mozilla/5.0 (Windows NT 10.0; Win64; x64) AppleWebKit/537.36 (KHTML, like Gecko) Chrome/96.0.4664.45 Safari/537.36"
::ffff:127.0.0.1 - - [24/Nov/2021:10:49:15 +0000] "GET /api/book/5 HTTP/1.1" 200 102 "-" "Mozilla/5.0 (Windows NT 10.0; Win64; x64) AppleWebKit/537.36 (KHTML, like Gecko) Chrome/96.0.4664.45 Safari/537.36"
::1 - - [24/Nov/2021:10:49:25 +0000] "GET /api/book/5 HTTP/1.1" 304 - "-" "Mozilla/5.0 (Windows NT 10.0; Win64; x64) AppleWebKit/537.36 (KHTML, like Gecko) Chrome/96.0.4664.45 Safari/537.36"
::1 - - [24/Nov/2021:10:49:27 +0000] "GET /api/book HTTP/1.1" 200 404 "-" "Mozilla/5.0 (Windows NT 10.0; Win64; x64) AppleWebKit/537.36 (KHTML, like Gecko) Chrome/96.0.4664.45 Safari/537.36"
::1 - - [24/Nov/2021:10:49:32 +0000] "GET /api/book/6 HTTP/1.1" 200 107 "-" "Mozilla/5.0 (Windows NT 10.0; Win64; x64) AppleWebKit/537.36 (KHTML, like Gecko) Chrome/96.0.4664.45 Safari/537.36"
::1 - - [24/Nov/2021:10:50:19 +0000] "GET /api/book/6 HTTP/1.1" 304 - "-" "Mozilla/5.0 (Windows NT 10.0; Win64; x64) AppleWebKit/537.36 (KHTML, like Gecko) Chrome/96.0.4664.45 Safari/537.36"
::1 - - [24/Nov/2021:10:50:22 +0000] "GET /api/book HTTP/1.1" 304 - "-" "Mozilla/5.0 (Windows NT 10.0; Win64; x64) AppleWebKit/537.36 (KHTML, like Gecko) Chrome/96.0.4664.45 Safari/537.36"
::1 - - [24/Nov/2021:10:50:26 +0000] "GET /api/book/3 HTTP/1.1" 500 45 "-" "Mozilla/5.0 (Windows NT 10.0; Win64; x64) AppleWebKit/537.36 (KHTML, like Gecko) Chrome/96.0.4664.45 Safari/537.36"
::1 - - [24/Nov/2021:10:55:43 +0000] "GET /api/book/3 HTTP/1.1" 200 100 "-" "Mozilla/5.0 (Windows NT 10.0; Win64; x64) AppleWebKit/537.36 (KHTML, like Gecko) Chrome/96.0.4664.45 Safari/537.36"
::1 - - [24/Nov/2021:10:58:44 +0000] "GET /api/book/3 HTTP/1.1" 304 - "-" "Mozilla/5.0 (Windows NT 10.0; Win64; x64) AppleWebKit/537.36 (KHTML, like Gecko) Chrome/96.0.4664.45 Safari/537.36"
::1 - - [24/Nov/2021:10:58:47 +0000] "GET /api/book HTTP/1.1" 304 - "-" "Mozilla/5.0 (Windows NT 10.0; Win64; x64) AppleWebKit/537.36 (KHTML, like Gecko) Chrome/96.0.4664.45 Safari/537.36"
::1 - - [24/Nov/2021:11:00:00 +0000] "POST /api/book HTTP/1.1" 201 - "-" "PostmanRuntime/7.28.4"
::1 - - [24/Nov/2021:11:04:03 +0000] "POST /api/book HTTP/1.1" 201 - "-" "PostmanRuntime/7.28.4"
::1 - - [24/Nov/2021:11:05:18 +0000] "POST /api/book HTTP/1.1" 201 48 "-" "PostmanRuntime/7.28.4"
::1 - - [24/Nov/2021:11:05:58 +0000] "DELETE /api/book HTTP/1.1" 200 48 "-" "PostmanRuntime/7.28.4"
::1 - - [24/Nov/2021:11:11:21 +0000] "GET /api/book HTTP/1.1" 200 604 "-" "Mozilla/5.0 (Windows NT 10.0; Win64; x64) AppleWebKit/537.36 (KHTML, like Gecko) Chrome/96.0.4664.45 Safari/537.36"
::1 - - [24/Nov/2021:11:12:17 +0000] "PUT /api/book HTTP/1.1" 200 48 "-" "PostmanRuntime/7.28.4"
::1 - - [24/Nov/2021:11:12:51 +0000] "PUT /api/book HTTP/1.1" 200 48 "-" "PostmanRuntime/7.28.4"
